SF:/home/lee/StudioProjects/TodayGoodWords/firebase_repository/lib/phrase_firebase_repository.dart
DA:10,1
DA:12,1
DA:13,3
DA:15,1
DA:17,1
DA:18,2
DA:19,2
DA:20,1
DA:21,2
DA:24,1
DA:25,1
DA:26,1
LF:12
LH:12
end_of_record
SF:/home/lee/StudioProjects/TodayGoodWords/firebase_repository/lib/phrase_theme_firebase_repository.dart
DA:10,1
DA:12,1
DA:13,3
DA:15,1
DA:17,1
DA:18,2
DA:19,2
DA:20,1
DA:21,2
DA:24,1
DA:25,1
DA:26,1
LF:12
LH:12
end_of_record
SF:/home/lee/StudioProjects/TodayGoodWords/firebase_repository/lib/user_uid_firebase_repository.dart
DA:10,1
DA:12,1
DA:14,3
DA:15,1
DA:16,1
DA:17,4
DA:21,1
DA:22,4
DA:23,2
DA:24,2
DA:27,1
DA:28,2
LF:12
LH:12
end_of_record
SF:/home/lee/StudioProjects/TodayGoodWords/firebase_repository/lib/like_firebase_repository.dart
DA:14,1
DA:20,3
DA:22,2
DA:23,2
DA:24,2
DA:25,1
DA:26,3
DA:28,2
DA:29,2
DA:30,1
DA:31,4
DA:34,1
DA:35,3
DA:36,3
DA:37,1
DA:38,2
DA:39,2
DA:41,1
DA:42,3
DA:43,4
DA:47,1
DA:49,1
DA:50,4
DA:51,1
DA:52,2
LF:25
LH:25
end_of_record
SF:/home/lee/StudioProjects/TodayGoodWords/native_bloc/lib/phrases/phrase_native_bloc.dart
DA:15,1
DA:17,1
DA:19,2
DA:20,2
DA:22,1
DA:25,0
DA:26,1
LF:7
LH:6
end_of_record
SF:/home/lee/StudioProjects/TodayGoodWords/native_bloc/lib/phrase_images/phrase_image_native_bloc.dart
DA:8,1
DA:10,1
DA:12,2
LF:3
LH:3
end_of_record
SF:/home/lee/StudioProjects/TodayGoodWords/native_bloc/lib/likes/like_state_native_bloc.dart
DA:8,1
DA:11,1
DA:13,3
DA:16,1
DA:18,2
LF:5
LH:5
end_of_record
SF:/home/lee/StudioProjects/TodayGoodWords/lib/view/state/likes/blocs/like_state_bloc.dart
DA:8,1
DA:11,1
DA:13,3
DA:16,1
DA:18,2
LF:5
LH:5
end_of_record
SF:/home/lee/StudioProjects/TodayGoodWords/lib/likes/like.dart
DA:5,1
LF:1
LH:1
end_of_record
SF:/home/lee/StudioProjects/TodayGoodWords/lib/view/state/likes/like_state.dart
DA:7,3
LF:1
LH:1
end_of_record
SF:/home/lee/StudioProjects/TodayGoodWords/lib/view/state/phrase_screen/wrappers/phrase_screen_state_wrapper.dart
DA:13,2
DA:19,2
DA:21,2
DA:22,4
DA:23,4
DA:24,1
DA:25,1
LF:7
LH:7
end_of_record
SF:/home/lee/StudioProjects/TodayGoodWords/lib/view/state/phrases/phrase_state.dart
DA:7,1
DA:8,1
DA:9,1
DA:10,1
DA:19,1
DA:20,2
DA:21,1
DA:22,2
DA:23,2
LF:9
LH:9
end_of_record
SF:/home/lee/StudioProjects/TodayGoodWords/lib/phrase_themes/phrase_style.dart
DA:7,1
LF:1
LH:1
end_of_record
SF:/home/lee/StudioProjects/TodayGoodWords/lib/phrase_themes/phrase_theme.dart
DA:7,1
LF:1
LH:1
end_of_record
SF:/home/lee/StudioProjects/TodayGoodWords/lib/phrases/phrase.dart
DA:4,1
LF:1
LH:1
end_of_record
SF:/home/lee/StudioProjects/TodayGoodWords/lib/view/state/phrase_screen/phrase_screen_state.dart
DA:8,1
LF:1
LH:1
end_of_record
SF:/home/lee/StudioProjects/TodayGoodWords/lib/phrases/repositories/phrase_firebase_repository.dart
DA:10,0
DA:12,0
DA:13,0
DA:15,0
DA:17,0
DA:18,0
DA:19,0
DA:20,0
DA:21,0
DA:24,0
DA:25,0
DA:26,0
DA:27,0
DA:28,0
LF:14
LH:0
end_of_record
SF:/home/lee/StudioProjects/TodayGoodWords/lib/users/user_uid.dart
DA:4,0
LF:1
LH:0
end_of_record
SF:/home/lee/StudioProjects/TodayGoodWords/lib/users/repositories/user_uid_firebase_repository.dart
DA:10,0
DA:12,0
DA:14,0
DA:15,0
DA:19,0
DA:20,0
DA:21,0
DA:22,0
DA:25,0
DA:27,0
LF:10
LH:0
end_of_record
SF:/home/lee/StudioProjects/TodayGoodWords/lib/main.dart
DA:16,0
DA:17,0
DA:18,0
DA:21,0
DA:22,0
DA:25,0
DA:27,0
DA:29,0
DA:30,0
DA:31,0
DA:32,0
DA:33,0
DA:34,0
DA:35,0
DA:36,0
DA:38,0
LF:16
LH:0
end_of_record
SF:/home/lee/StudioProjects/TodayGoodWords/lib/view/today_good_words_app.dart
DA:13,1
DA:21,1
DA:23,1
DA:26,2
DA:28,1
DA:30,1
DA:31,1
DA:32,1
DA:33,1
DA:34,1
DA:35,1
LF:11
LH:11
end_of_record
SF:/home/lee/StudioProjects/TodayGoodWords/lib/view/widget/phrases/failure.dart
DA:4,2
DA:6,1
DA:8,1
DA:9,1
DA:10,1
DA:12,1
DA:13,1
DA:15,1
DA:18,1
DA:21,1
DA:23,1
LF:11
LH:11
end_of_record
SF:/home/lee/StudioProjects/TodayGoodWords/lib/view/widget/phrases/loading.dart
DA:4,2
DA:6,1
DA:8,1
DA:9,1
DA:10,1
DA:12,1
DA:13,1
DA:15,1
DA:18,1
DA:21,1
DA:23,1
LF:11
LH:11
end_of_record
SF:/home/lee/StudioProjects/TodayGoodWords/lib/view/widget/phrases/phrase.dart
DA:7,1
DA:8,1
DA:10,1
DA:12,1
DA:14,1
DA:15,1
DA:17,1
DA:18,1
DA:20,3
DA:22,2
DA:25,3
DA:26,2
LF:12
LH:12
end_of_record
SF:/home/lee/StudioProjects/TodayGoodWords/lib/view/widget/share/share.dart
DA:7,2
DA:9,1
DA:11,1
DA:13,1
DA:14,1
DA:15,1
DA:25,1
DA:27,1
LF:8
LH:8
end_of_record
SF:/home/lee/StudioProjects/TodayGoodWords/lib/view/widget/likes/like.dart
DA:8,2
DA:10,1
DA:12,1
DA:14,1
DA:15,1
DA:16,1
DA:18,1
DA:19,2
DA:20,0
DA:21,1
DA:22,1
DA:24,4
DA:25,1
LF:13
LH:12
end_of_record
SF:/home/lee/StudioProjects/TodayGoodWords/lib/view/widget/logo.dart
DA:4,0
DA:6,0
DA:7,0
LF:3
LH:0
end_of_record
SF:/home/lee/StudioProjects/TodayGoodWords/lib/view/widget/date.dart
DA:6,0
DA:7,0
DA:9,0
LF:3
LH:0
end_of_record
SF:/home/lee/StudioProjects/TodayGoodWords/lib/view/state/phrases/blocs/phrase_state_bloc.dart
DA:15,1
DA:17,1
DA:19,2
DA:20,2
DA:22,1
DA:25,0
DA:26,1
LF:7
LH:6
end_of_record
SF:/home/lee/StudioProjects/TodayGoodWords/lib/view/state/phrase_images/blocs/phrase_image_bloc.dart
DA:13,0
DA:16,0
DA:17,0
DA:18,0
DA:19,0
DA:20,0
DA:23,0
LF:7
LH:0
end_of_record
SF:/home/lee/StudioProjects/TodayGoodWords/lib/view/screens/phrase_screen.dart
DA:21,1
DA:29,1
DA:31,1
DA:33,3
DA:35,1
DA:36,1
DA:37,1
DA:38,1
DA:39,2
DA:40,1
DA:42,1
DA:43,1
DA:44,1
DA:45,1
DA:47,1
DA:48,1
DA:49,1
DA:50,1
DA:51,1
DA:52,1
DA:55,1
DA:57,2
DA:60,1
DA:62,1
DA:63,4
DA:70,1
LF:26
LH:26
end_of_record
SF:/home/lee/StudioProjects/TodayGoodWords/lib/likes/repositories/like_firebase_repository.dart
DA:14,0
DA:16,0
DA:19,0
DA:20,0
DA:21,0
DA:22,0
DA:23,0
DA:24,0
DA:26,0
DA:27,0
DA:28,0
DA:32,0
DA:33,0
DA:34,0
DA:35,0
DA:36,0
DA:38,0
DA:39,0
DA:40,0
DA:41,0
DA:43,0
DA:45,0
DA:46,0
DA:47,0
DA:48,0
DA:49,0
DA:50,0
LF:27
LH:0
end_of_record
SF:/home/lee/StudioProjects/TodayGoodWords/lib/date_strings/date_string.dart
DA:4,0
DA:6,0
DA:8,0
DA:10,0
LF:4
LH:0
end_of_record
SF:/home/lee/StudioProjects/TodayGoodWords/lib/phrase_themes/repositories/phrase_theme_firebase_repository.dart
DA:13,0
DA:15,0
DA:16,0
DA:18,0
DA:20,0
DA:21,0
DA:22,0
DA:23,0
DA:24,0
DA:27,0
DA:28,0
DA:29,0
DA:32,0
DA:33,0
DA:34,0
DA:35,0
LF:16
LH:0
end_of_record
SF:/home/lee/StudioProjects/TodayGoodWords/lib/phrase_images/phrase_image.dart
DA:6,0
LF:1
LH:0
end_of_record
SF:/home/lee/StudioProjects/TodayGoodWords/lib/phrase_images/share_services/filed_share_service.dart
DA:10,0
DA:11,0
DA:12,0
DA:14,0
DA:15,0
DA:16,0
LF:6
LH:0
end_of_record
SF:/home/lee/StudioProjects/TodayGoodWords/firebase_repository/lib/phrase_firebase_repository.dart
DA:10,1
DA:12,1
DA:13,3
DA:15,1
DA:17,1
DA:18,2
DA:19,2
DA:20,1
DA:21,2
DA:24,1
DA:25,1
DA:26,1
LF:12
LH:12
end_of_record
SF:/home/lee/StudioProjects/TodayGoodWords/firebase_repository/lib/phrase_theme_firebase_repository.dart
DA:10,1
DA:12,1
DA:13,3
DA:15,1
DA:17,1
DA:18,2
DA:19,2
DA:20,1
DA:21,2
DA:24,1
DA:25,1
DA:26,1
LF:12
LH:12
end_of_record
SF:/home/lee/StudioProjects/TodayGoodWords/firebase_repository/lib/user_uid_firebase_repository.dart
DA:10,1
DA:12,1
DA:14,3
DA:15,1
DA:16,1
DA:17,4
DA:21,1
DA:22,4
DA:23,2
DA:24,2
DA:27,1
DA:28,2
LF:12
LH:12
end_of_record
SF:/home/lee/StudioProjects/TodayGoodWords/firebase_repository/lib/like_firebase_repository.dart
DA:14,1
DA:20,3
DA:22,2
DA:23,2
DA:24,2
DA:25,1
DA:26,3
DA:28,2
DA:29,2
DA:30,1
DA:31,4
DA:34,1
DA:35,3
DA:36,3
DA:37,1
DA:38,2
DA:39,2
DA:41,1
DA:42,3
DA:43,4
DA:47,1
DA:49,1
DA:50,4
DA:51,1
DA:52,2
LF:25
LH:25
end_of_record
SF:/home/lee/StudioProjects/TodayGoodWords/native_bloc/lib/phrases/phrase_native_bloc.dart
DA:15,1
DA:17,1
DA:19,2
DA:20,2
DA:22,1
DA:25,0
DA:26,1
LF:7
LH:6
end_of_record
SF:/home/lee/StudioProjects/TodayGoodWords/native_bloc/lib/phrase_images/phrase_image_native_bloc.dart
DA:8,1
DA:10,1
DA:12,2
LF:3
LH:3
end_of_record
SF:/home/lee/StudioProjects/TodayGoodWords/native_bloc/lib/likes/like_state_native_bloc.dart
DA:8,1
DA:11,1
DA:13,3
DA:16,1
DA:18,2
LF:5
LH:5
end_of_record
